<?xml version="1.0" encoding="utf-8" standalone="no"?>
<test-run id="2" testcasecount="21" result="Passed" total="21" passed="21" failed="0" inconclusive="0" skipped="0" asserts="23" engine-version="3.10.0.0" clr-version="4.0.30319.42000" start-time="2019-05-06 10:48:18Z" end-time="2019-05-06 10:48:19Z" duration="0.834680">
  <command-line><![CDATA["c:\P\ZP\15.0\ZetaProducerHtmlCompressor\Source\packages\NUnit.ConsoleRunner.3.10.0\tools\nunit3-console.exe" "c:\P\ZP\15.0\ZetaProducerHtmlCompressor\Source\UnitTests\bin\Release\ZetaProducerHtmlCompressor.UnitTests.dll"]]></command-line>
  <test-suite type="Assembly" id="0-1022" name="ZetaProducerHtmlCompressor.UnitTests.dll" fullname="ZetaProducerHtmlCompressor.UnitTests.dll" runstate="Runnable" testcasecount="21" result="Passed" start-time="2019-05-06 10:48:19Z" end-time="2019-05-06 10:48:19Z" duration="0.172990" total="21" passed="21" failed="0" warnings="0" inconclusive="0" skipped="0" asserts="23">
    <environment framework-version="3.11.0.0" clr-version="4.0.30319.42000" os-version="Microsoft Windows NT 10.0.17763.0" platform="Win32NT" cwd="c:\P\ZP\15.0\ZetaProducerHtmlCompressor\Source" machine-name="PC-UWEKEIM" user="ukeim" user-domain="OFFICE" culture="de-DE" uiculture="de-DE" os-architecture="x64" />
    <settings>
      <setting name="DisposeRunners" value="True" />
      <setting name="WorkDirectory" value="c:\P\ZP\15.0\ZetaProducerHtmlCompressor\Source" />
      <setting name="ImageRuntimeVersion" value="4.0.30319" />
      <setting name="ImageTargetFrameworkName" value=".NETFramework,Version=v4.5.2" />
      <setting name="ImageRequiresX86" value="False" />
      <setting name="ImageRequiresDefaultAppDomainAssemblyResolver" value="False" />
      <setting name="NumberOfTestWorkers" value="8" />
    </settings>
    <properties>
      <property name="_PID" value="17216" />
      <property name="_APPDOMAIN" value="domain-" />
    </properties>
    <test-suite type="TestSuite" id="0-1023" name="ZetaProducerHtmlCompressor" fullname="ZetaProducerHtmlCompressor" runstate="Runnable" testcasecount="21" result="Passed" start-time="2019-05-06 10:48:19Z" end-time="2019-05-06 10:48:19Z" duration="0.155350" total="21" passed="21" failed="0" warnings="0" inconclusive="0" skipped="0" asserts="23">
      <test-suite type="TestSuite" id="0-1024" name="UnitTests" fullname="ZetaProducerHtmlCompressor.UnitTests" runstate="Runnable" testcasecount="21" result="Passed" start-time="2019-05-06 10:48:19Z" end-time="2019-05-06 10:48:19Z" duration="0.154844" total="21" passed="21" failed="0" warnings="0" inconclusive="0" skipped="0" asserts="23">
        <test-suite type="TestFixture" id="0-1000" name="HtmlCompressorTests" fullname="ZetaProducerHtmlCompressor.UnitTests.HtmlCompressorTests" classname="ZetaProducerHtmlCompressor.UnitTests.HtmlCompressorTests" runstate="Runnable" testcasecount="21" result="Passed" start-time="2019-05-06 10:48:19Z" end-time="2019-05-06 10:48:19Z" duration="0.150761" total="21" passed="21" failed="0" warnings="0" inconclusive="0" skipped="0" asserts="23">
          <test-case id="0-1001" name="Test01" fullname="ZetaProducerHtmlCompressor.UnitTests.HtmlCompressorTests.Test01" methodname="Test01" classname="ZetaProducerHtmlCompressor.UnitTests.HtmlCompressorTests" runstate="Runnable" seed="1467939787" result="Passed" start-time="2019-05-06 10:48:19Z" end-time="2019-05-06 10:48:19Z" duration="0.111613" asserts="2" />
          <test-case id="0-1002" name="Test02" fullname="ZetaProducerHtmlCompressor.UnitTests.HtmlCompressorTests.Test02" methodname="Test02" classname="ZetaProducerHtmlCompressor.UnitTests.HtmlCompressorTests" runstate="Runnable" seed="179322169" result="Passed" start-time="2019-05-06 10:48:19Z" end-time="2019-05-06 10:48:19Z" duration="0.008087" asserts="2" />
          <test-case id="0-1010" name="testCompress" fullname="ZetaProducerHtmlCompressor.UnitTests.HtmlCompressorTests.testCompress" methodname="testCompress" classname="ZetaProducerHtmlCompressor.UnitTests.HtmlCompressorTests" runstate="Runnable" seed="1289476087" result="Passed" start-time="2019-05-06 10:48:19Z" end-time="2019-05-06 10:48:19Z" duration="0.009592" asserts="1" />
          <test-case id="0-1003" name="testEnabled" fullname="ZetaProducerHtmlCompressor.UnitTests.HtmlCompressorTests.testEnabled" methodname="testEnabled" classname="ZetaProducerHtmlCompressor.UnitTests.HtmlCompressorTests" runstate="Runnable" seed="437813637" result="Passed" start-time="2019-05-06 10:48:19Z" end-time="2019-05-06 10:48:19Z" duration="0.000364" asserts="1" />
          <test-case id="0-1020" name="testPreserveLineBreaks" fullname="ZetaProducerHtmlCompressor.UnitTests.HtmlCompressorTests.testPreserveLineBreaks" methodname="testPreserveLineBreaks" classname="ZetaProducerHtmlCompressor.UnitTests.HtmlCompressorTests" runstate="Runnable" seed="2020614129" result="Passed" start-time="2019-05-06 10:48:19Z" end-time="2019-05-06 10:48:19Z" duration="0.000435" asserts="1" />
          <test-case id="0-1009" name="testPreservePatterns" fullname="ZetaProducerHtmlCompressor.UnitTests.HtmlCompressorTests.testPreservePatterns" methodname="testPreservePatterns" classname="ZetaProducerHtmlCompressor.UnitTests.HtmlCompressorTests" runstate="Runnable" seed="1607011361" result="Passed" start-time="2019-05-06 10:48:19Z" end-time="2019-05-06 10:48:19Z" duration="0.000664" asserts="1" />
          <test-case id="0-1005" name="testRemoveComments" fullname="ZetaProducerHtmlCompressor.UnitTests.HtmlCompressorTests.testRemoveComments" methodname="testRemoveComments" classname="ZetaProducerHtmlCompressor.UnitTests.HtmlCompressorTests" runstate="Runnable" seed="1304895099" result="Passed" start-time="2019-05-06 10:48:19Z" end-time="2019-05-06 10:48:19Z" duration="0.000640" asserts="1" />
          <test-case id="0-1015" name="testRemoveFormAttributes" fullname="ZetaProducerHtmlCompressor.UnitTests.HtmlCompressorTests.testRemoveFormAttributes" methodname="testRemoveFormAttributes" classname="ZetaProducerHtmlCompressor.UnitTests.HtmlCompressorTests" runstate="Runnable" seed="370241207" result="Passed" start-time="2019-05-06 10:48:19Z" end-time="2019-05-06 10:48:19Z" duration="0.000443" asserts="1" />
          <test-case id="0-1018" name="testRemoveHttpProtocol" fullname="ZetaProducerHtmlCompressor.UnitTests.HtmlCompressorTests.testRemoveHttpProtocol" methodname="testRemoveHttpProtocol" classname="ZetaProducerHtmlCompressor.UnitTests.HtmlCompressorTests" runstate="Runnable" seed="1837904642" result="Passed" start-time="2019-05-06 10:48:19Z" end-time="2019-05-06 10:48:19Z" duration="0.001536" asserts="1" />
          <test-case id="0-1019" name="testRemoveHttpsProtocol" fullname="ZetaProducerHtmlCompressor.UnitTests.HtmlCompressorTests.testRemoveHttpsProtocol" methodname="testRemoveHttpsProtocol" classname="ZetaProducerHtmlCompressor.UnitTests.HtmlCompressorTests" runstate="Runnable" seed="195985021" result="Passed" start-time="2019-05-06 10:48:19Z" end-time="2019-05-06 10:48:19Z" duration="0.000650" asserts="1" />
          <test-case id="0-1016" name="testRemoveInputAttributes" fullname="ZetaProducerHtmlCompressor.UnitTests.HtmlCompressorTests.testRemoveInputAttributes" methodname="testRemoveInputAttributes" classname="ZetaProducerHtmlCompressor.UnitTests.HtmlCompressorTests" runstate="Runnable" seed="968512831" result="Passed" start-time="2019-05-06 10:48:19Z" end-time="2019-05-06 10:48:19Z" duration="0.000400" asserts="1" />
          <test-case id="0-1008" name="testRemoveIntertagSpaces" fullname="ZetaProducerHtmlCompressor.UnitTests.HtmlCompressorTests.testRemoveIntertagSpaces" methodname="testRemoveIntertagSpaces" classname="ZetaProducerHtmlCompressor.UnitTests.HtmlCompressorTests" runstate="Runnable" seed="2079408382" result="Passed" start-time="2019-05-06 10:48:19Z" end-time="2019-05-06 10:48:19Z" duration="0.000550" asserts="1" />
          <test-case id="0-1017" name="testRemoveJavaScriptProtocol" fullname="ZetaProducerHtmlCompressor.UnitTests.HtmlCompressorTests.testRemoveJavaScriptProtocol" methodname="testRemoveJavaScriptProtocol" classname="ZetaProducerHtmlCompressor.UnitTests.HtmlCompressorTests" runstate="Runnable" seed="1685719913" result="Passed" start-time="2019-05-06 10:48:19Z" end-time="2019-05-06 10:48:19Z" duration="0.000862" asserts="1" />
          <test-case id="0-1014" name="testRemoveLinkAttributes" fullname="ZetaProducerHtmlCompressor.UnitTests.HtmlCompressorTests.testRemoveLinkAttributes" methodname="testRemoveLinkAttributes" classname="ZetaProducerHtmlCompressor.UnitTests.HtmlCompressorTests" runstate="Runnable" seed="1858792335" result="Passed" start-time="2019-05-06 10:48:19Z" end-time="2019-05-06 10:48:19Z" duration="0.000760" asserts="1" />
          <test-case id="0-1007" name="testRemoveMultiSpaces" fullname="ZetaProducerHtmlCompressor.UnitTests.HtmlCompressorTests.testRemoveMultiSpaces" methodname="testRemoveMultiSpaces" classname="ZetaProducerHtmlCompressor.UnitTests.HtmlCompressorTests" runstate="Runnable" seed="572377066" result="Passed" start-time="2019-05-06 10:48:19Z" end-time="2019-05-06 10:48:19Z" duration="0.000523" asserts="1" />
          <test-case id="0-1006" name="testRemoveQuotes" fullname="ZetaProducerHtmlCompressor.UnitTests.HtmlCompressorTests.testRemoveQuotes" methodname="testRemoveQuotes" classname="ZetaProducerHtmlCompressor.UnitTests.HtmlCompressorTests" runstate="Runnable" seed="779808071" result="Passed" start-time="2019-05-06 10:48:19Z" end-time="2019-05-06 10:48:19Z" duration="0.000547" asserts="1" />
          <test-case id="0-1012" name="testRemoveScriptAttributes" fullname="ZetaProducerHtmlCompressor.UnitTests.HtmlCompressorTests.testRemoveScriptAttributes" methodname="testRemoveScriptAttributes" classname="ZetaProducerHtmlCompressor.UnitTests.HtmlCompressorTests" runstate="Runnable" seed="1815969089" result="Passed" start-time="2019-05-06 10:48:19Z" end-time="2019-05-06 10:48:19Z" duration="0.000527" asserts="1" />
          <test-case id="0-1004" name="testRemoveSpacesInsideTags" fullname="ZetaProducerHtmlCompressor.UnitTests.HtmlCompressorTests.testRemoveSpacesInsideTags" methodname="testRemoveSpacesInsideTags" classname="ZetaProducerHtmlCompressor.UnitTests.HtmlCompressorTests" runstate="Runnable" seed="324868015" result="Passed" start-time="2019-05-06 10:48:19Z" end-time="2019-05-06 10:48:19Z" duration="0.000449" asserts="1" />
          <test-case id="0-1013" name="testRemoveStyleAttributes" fullname="ZetaProducerHtmlCompressor.UnitTests.HtmlCompressorTests.testRemoveStyleAttributes" methodname="testRemoveStyleAttributes" classname="ZetaProducerHtmlCompressor.UnitTests.HtmlCompressorTests" runstate="Runnable" seed="1141905297" result="Passed" start-time="2019-05-06 10:48:19Z" end-time="2019-05-06 10:48:19Z" duration="0.000475" asserts="1" />
          <test-case id="0-1011" name="testSimpleDoctype" fullname="ZetaProducerHtmlCompressor.UnitTests.HtmlCompressorTests.testSimpleDoctype" methodname="testSimpleDoctype" classname="ZetaProducerHtmlCompressor.UnitTests.HtmlCompressorTests" runstate="Runnable" seed="2088556664" result="Passed" start-time="2019-05-06 10:48:19Z" end-time="2019-05-06 10:48:19Z" duration="0.000389" asserts="1" />
          <test-case id="0-1021" name="testSurroundingSpaces" fullname="ZetaProducerHtmlCompressor.UnitTests.HtmlCompressorTests.testSurroundingSpaces" methodname="testSurroundingSpaces" classname="ZetaProducerHtmlCompressor.UnitTests.HtmlCompressorTests" runstate="Runnable" seed="1568366187" result="Passed" start-time="2019-05-06 10:48:19Z" end-time="2019-05-06 10:48:19Z" duration="0.000575" asserts="1" />
        </test-suite>
      </test-suite>
    </test-suite>
  </test-suite>
</test-run>