<?xml version="1.0" encoding="utf-8" standalone="no"?>
<test-run id="2" testcasecount="21" result="Passed" total="21" passed="21" failed="0" inconclusive="0" skipped="0" asserts="23" engine-version="3.10.0.0" clr-version="4.0.30319.42000" start-time="2019-11-29 14:34:03Z" end-time="2019-11-29 14:34:04Z" duration="0.749175">
  <command-line><![CDATA["c:\P\ZP\15.2\ZetaProducerHtmlCompressor\Source\packages\NUnit.ConsoleRunner.3.10.0\tools\nunit3-console.exe" "c:\P\ZP\15.2\ZetaProducerHtmlCompressor\Source\UnitTests\bin\Release\ZetaProducerHtmlCompressor.UnitTests.dll"]]></command-line>
  <test-suite type="Assembly" id="0-1022" name="ZetaProducerHtmlCompressor.UnitTests.dll" fullname="c:\P\ZP\15.2\ZetaProducerHtmlCompressor\Source\UnitTests\bin\Release\ZetaProducerHtmlCompressor.UnitTests.dll" runstate="Runnable" testcasecount="21" result="Passed" start-time="2019-11-29 14:34:03Z" end-time="2019-11-29 14:34:04Z" duration="0.232356" total="21" passed="21" failed="0" warnings="0" inconclusive="0" skipped="0" asserts="23">
    <environment framework-version="3.12.0.0" clr-version="4.0.30319.42000" os-version="Microsoft Windows NT 10.0.18363.0" platform="Win32NT" cwd="c:\P\ZP\15.2\ZetaProducerHtmlCompressor\Source" machine-name="PC-UWEKEIM" user="ukeim" user-domain="OFFICE" culture="de-DE" uiculture="de-DE" os-architecture="x64" />
    <settings>
      <setting name="DisposeRunners" value="True" />
      <setting name="WorkDirectory" value="c:\P\ZP\15.2\ZetaProducerHtmlCompressor\Source" />
      <setting name="ImageRuntimeVersion" value="4.0.30319" />
      <setting name="ImageTargetFrameworkName" value=".NETFramework,Version=v4.7.2" />
      <setting name="ImageRequiresX86" value="False" />
      <setting name="ImageRequiresDefaultAppDomainAssemblyResolver" value="False" />
      <setting name="NumberOfTestWorkers" value="8" />
    </settings>
    <properties>
      <property name="_PID" value="25136" />
      <property name="_APPDOMAIN" value="domain-" />
    </properties>
    <test-suite type="TestSuite" id="0-1023" name="ZetaProducerHtmlCompressor" fullname="ZetaProducerHtmlCompressor" runstate="Runnable" testcasecount="21" result="Passed" start-time="2019-11-29 14:34:03Z" end-time="2019-11-29 14:34:04Z" duration="0.215771" total="21" passed="21" failed="0" warnings="0" inconclusive="0" skipped="0" asserts="23">
      <test-suite type="TestSuite" id="0-1024" name="UnitTests" fullname="ZetaProducerHtmlCompressor.UnitTests" runstate="Runnable" testcasecount="21" result="Passed" start-time="2019-11-29 14:34:03Z" end-time="2019-11-29 14:34:04Z" duration="0.215210" total="21" passed="21" failed="0" warnings="0" inconclusive="0" skipped="0" asserts="23">
        <test-suite type="TestFixture" id="0-1000" name="HtmlCompressorTests" fullname="ZetaProducerHtmlCompressor.UnitTests.HtmlCompressorTests" classname="ZetaProducerHtmlCompressor.UnitTests.HtmlCompressorTests" runstate="Runnable" testcasecount="21" result="Passed" start-time="2019-11-29 14:34:03Z" end-time="2019-11-29 14:34:04Z" duration="0.211113" total="21" passed="21" failed="0" warnings="0" inconclusive="0" skipped="0" asserts="23">
          <test-case id="0-1001" name="Test01" fullname="ZetaProducerHtmlCompressor.UnitTests.HtmlCompressorTests.Test01" methodname="Test01" classname="ZetaProducerHtmlCompressor.UnitTests.HtmlCompressorTests" runstate="Runnable" seed="964872207" result="Passed" start-time="2019-11-29 14:34:03Z" end-time="2019-11-29 14:34:04Z" duration="0.164833" asserts="2" />
          <test-case id="0-1002" name="Test02" fullname="ZetaProducerHtmlCompressor.UnitTests.HtmlCompressorTests.Test02" methodname="Test02" classname="ZetaProducerHtmlCompressor.UnitTests.HtmlCompressorTests" runstate="Runnable" seed="83451505" result="Passed" start-time="2019-11-29 14:34:04Z" end-time="2019-11-29 14:34:04Z" duration="0.007742" asserts="2" />
          <test-case id="0-1010" name="testCompress" fullname="ZetaProducerHtmlCompressor.UnitTests.HtmlCompressorTests.testCompress" methodname="testCompress" classname="ZetaProducerHtmlCompressor.UnitTests.HtmlCompressorTests" runstate="Runnable" seed="1715237918" result="Passed" start-time="2019-11-29 14:34:04Z" end-time="2019-11-29 14:34:04Z" duration="0.011184" asserts="1" />
          <test-case id="0-1003" name="testEnabled" fullname="ZetaProducerHtmlCompressor.UnitTests.HtmlCompressorTests.testEnabled" methodname="testEnabled" classname="ZetaProducerHtmlCompressor.UnitTests.HtmlCompressorTests" runstate="Runnable" seed="1388427699" result="Passed" start-time="2019-11-29 14:34:04Z" end-time="2019-11-29 14:34:04Z" duration="0.000553" asserts="1" />
          <test-case id="0-1020" name="testPreserveLineBreaks" fullname="ZetaProducerHtmlCompressor.UnitTests.HtmlCompressorTests.testPreserveLineBreaks" methodname="testPreserveLineBreaks" classname="ZetaProducerHtmlCompressor.UnitTests.HtmlCompressorTests" runstate="Runnable" seed="478852487" result="Passed" start-time="2019-11-29 14:34:04Z" end-time="2019-11-29 14:34:04Z" duration="0.000673" asserts="1" />
          <test-case id="0-1009" name="testPreservePatterns" fullname="ZetaProducerHtmlCompressor.UnitTests.HtmlCompressorTests.testPreservePatterns" methodname="testPreservePatterns" classname="ZetaProducerHtmlCompressor.UnitTests.HtmlCompressorTests" runstate="Runnable" seed="30309697" result="Passed" start-time="2019-11-29 14:34:04Z" end-time="2019-11-29 14:34:04Z" duration="0.000997" asserts="1" />
          <test-case id="0-1005" name="testRemoveComments" fullname="ZetaProducerHtmlCompressor.UnitTests.HtmlCompressorTests.testRemoveComments" methodname="testRemoveComments" classname="ZetaProducerHtmlCompressor.UnitTests.HtmlCompressorTests" runstate="Runnable" seed="1065020140" result="Passed" start-time="2019-11-29 14:34:04Z" end-time="2019-11-29 14:34:04Z" duration="0.000856" asserts="1" />
          <test-case id="0-1015" name="testRemoveFormAttributes" fullname="ZetaProducerHtmlCompressor.UnitTests.HtmlCompressorTests.testRemoveFormAttributes" methodname="testRemoveFormAttributes" classname="ZetaProducerHtmlCompressor.UnitTests.HtmlCompressorTests" runstate="Runnable" seed="1088294469" result="Passed" start-time="2019-11-29 14:34:04Z" end-time="2019-11-29 14:34:04Z" duration="0.000719" asserts="1" />
          <test-case id="0-1018" name="testRemoveHttpProtocol" fullname="ZetaProducerHtmlCompressor.UnitTests.HtmlCompressorTests.testRemoveHttpProtocol" methodname="testRemoveHttpProtocol" classname="ZetaProducerHtmlCompressor.UnitTests.HtmlCompressorTests" runstate="Runnable" seed="179076384" result="Passed" start-time="2019-11-29 14:34:04Z" end-time="2019-11-29 14:34:04Z" duration="0.001939" asserts="1" />
          <test-case id="0-1019" name="testRemoveHttpsProtocol" fullname="ZetaProducerHtmlCompressor.UnitTests.HtmlCompressorTests.testRemoveHttpsProtocol" methodname="testRemoveHttpsProtocol" classname="ZetaProducerHtmlCompressor.UnitTests.HtmlCompressorTests" runstate="Runnable" seed="1644614187" result="Passed" start-time="2019-11-29 14:34:04Z" end-time="2019-11-29 14:34:04Z" duration="0.000976" asserts="1" />
          <test-case id="0-1016" name="testRemoveInputAttributes" fullname="ZetaProducerHtmlCompressor.UnitTests.HtmlCompressorTests.testRemoveInputAttributes" methodname="testRemoveInputAttributes" classname="ZetaProducerHtmlCompressor.UnitTests.HtmlCompressorTests" runstate="Runnable" seed="1571968328" result="Passed" start-time="2019-11-29 14:34:04Z" end-time="2019-11-29 14:34:04Z" duration="0.000611" asserts="1" />
          <test-case id="0-1008" name="testRemoveIntertagSpaces" fullname="ZetaProducerHtmlCompressor.UnitTests.HtmlCompressorTests.testRemoveIntertagSpaces" methodname="testRemoveIntertagSpaces" classname="ZetaProducerHtmlCompressor.UnitTests.HtmlCompressorTests" runstate="Runnable" seed="1319743589" result="Passed" start-time="2019-11-29 14:34:04Z" end-time="2019-11-29 14:34:04Z" duration="0.000700" asserts="1" />
          <test-case id="0-1017" name="testRemoveJavaScriptProtocol" fullname="ZetaProducerHtmlCompressor.UnitTests.HtmlCompressorTests.testRemoveJavaScriptProtocol" methodname="testRemoveJavaScriptProtocol" classname="ZetaProducerHtmlCompressor.UnitTests.HtmlCompressorTests" runstate="Runnable" seed="313173961" result="Passed" start-time="2019-11-29 14:34:04Z" end-time="2019-11-29 14:34:04Z" duration="0.001125" asserts="1" />
          <test-case id="0-1014" name="testRemoveLinkAttributes" fullname="ZetaProducerHtmlCompressor.UnitTests.HtmlCompressorTests.testRemoveLinkAttributes" methodname="testRemoveLinkAttributes" classname="ZetaProducerHtmlCompressor.UnitTests.HtmlCompressorTests" runstate="Runnable" seed="1606390411" result="Passed" start-time="2019-11-29 14:34:04Z" end-time="2019-11-29 14:34:04Z" duration="0.000766" asserts="1" />
          <test-case id="0-1007" name="testRemoveMultiSpaces" fullname="ZetaProducerHtmlCompressor.UnitTests.HtmlCompressorTests.testRemoveMultiSpaces" methodname="testRemoveMultiSpaces" classname="ZetaProducerHtmlCompressor.UnitTests.HtmlCompressorTests" runstate="Runnable" seed="595523505" result="Passed" start-time="2019-11-29 14:34:04Z" end-time="2019-11-29 14:34:04Z" duration="0.000577" asserts="1" />
          <test-case id="0-1006" name="testRemoveQuotes" fullname="ZetaProducerHtmlCompressor.UnitTests.HtmlCompressorTests.testRemoveQuotes" methodname="testRemoveQuotes" classname="ZetaProducerHtmlCompressor.UnitTests.HtmlCompressorTests" runstate="Runnable" seed="1179582237" result="Passed" start-time="2019-11-29 14:34:04Z" end-time="2019-11-29 14:34:04Z" duration="0.000720" asserts="1" />
          <test-case id="0-1012" name="testRemoveScriptAttributes" fullname="ZetaProducerHtmlCompressor.UnitTests.HtmlCompressorTests.testRemoveScriptAttributes" methodname="testRemoveScriptAttributes" classname="ZetaProducerHtmlCompressor.UnitTests.HtmlCompressorTests" runstate="Runnable" seed="418035945" result="Passed" start-time="2019-11-29 14:34:04Z" end-time="2019-11-29 14:34:04Z" duration="0.000639" asserts="1" />
          <test-case id="0-1004" name="testRemoveSpacesInsideTags" fullname="ZetaProducerHtmlCompressor.UnitTests.HtmlCompressorTests.testRemoveSpacesInsideTags" methodname="testRemoveSpacesInsideTags" classname="ZetaProducerHtmlCompressor.UnitTests.HtmlCompressorTests" runstate="Runnable" seed="356897563" result="Passed" start-time="2019-11-29 14:34:04Z" end-time="2019-11-29 14:34:04Z" duration="0.000597" asserts="1" />
          <test-case id="0-1013" name="testRemoveStyleAttributes" fullname="ZetaProducerHtmlCompressor.UnitTests.HtmlCompressorTests.testRemoveStyleAttributes" methodname="testRemoveStyleAttributes" classname="ZetaProducerHtmlCompressor.UnitTests.HtmlCompressorTests" runstate="Runnable" seed="510712233" result="Passed" start-time="2019-11-29 14:34:04Z" end-time="2019-11-29 14:34:04Z" duration="0.000566" asserts="1" />
          <test-case id="0-1011" name="testSimpleDoctype" fullname="ZetaProducerHtmlCompressor.UnitTests.HtmlCompressorTests.testSimpleDoctype" methodname="testSimpleDoctype" classname="ZetaProducerHtmlCompressor.UnitTests.HtmlCompressorTests" runstate="Runnable" seed="1902995226" result="Passed" start-time="2019-11-29 14:34:04Z" end-time="2019-11-29 14:34:04Z" duration="0.000536" asserts="1" />
          <test-case id="0-1021" name="testSurroundingSpaces" fullname="ZetaProducerHtmlCompressor.UnitTests.HtmlCompressorTests.testSurroundingSpaces" methodname="testSurroundingSpaces" classname="ZetaProducerHtmlCompressor.UnitTests.HtmlCompressorTests" runstate="Runnable" seed="1318218131" result="Passed" start-time="2019-11-29 14:34:04Z" end-time="2019-11-29 14:34:04Z" duration="0.000733" asserts="1" />
        </test-suite>
      </test-suite>
    </test-suite>
  </test-suite>
</test-run>