<?xml version="1.0" encoding="utf-8" standalone="no"?>
<test-run id="2" testcasecount="21" result="Passed" total="21" passed="21" failed="0" inconclusive="0" skipped="0" asserts="23" engine-version="3.8.0.0" clr-version="4.0.30319.42000" start-time="2018-08-29 12:13:25Z" end-time="2018-08-29 12:13:26Z" duration="0.828396">
  <command-line><![CDATA["c:\P\ZP\15.0\ZetaProducerHtmlCompressor\Source\packages\NUnit.ConsoleRunner.3.8.0\tools\nunit3-console.exe" "c:\P\ZP\15.0\ZetaProducerHtmlCompressor\Source\UnitTests\bin\Release\ZetaProducerHtmlCompressor.UnitTests.dll"]]></command-line>
  <test-suite type="Assembly" id="0-1022" name="ZetaProducerHtmlCompressor.UnitTests.dll" fullname="c:\P\ZP\15.0\ZetaProducerHtmlCompressor\Source\UnitTests\bin\Release\ZetaProducerHtmlCompressor.UnitTests.dll" runstate="Runnable" testcasecount="21" result="Passed" start-time="2018-08-29 12:13:25Z" end-time="2018-08-29 12:13:26Z" duration="0.183343" total="21" passed="21" failed="0" warnings="0" inconclusive="0" skipped="0" asserts="23">
    <environment framework-version="3.10.1.0" clr-version="4.0.30319.42000" os-version="Microsoft Windows NT 10.0.17134.0" platform="Win32NT" cwd="c:\P\ZP\15.0\ZetaProducerHtmlCompressor\Source" machine-name="PC-UWEKEIM" user="ukeim" user-domain="OFFICE" culture="de-DE" uiculture="de-DE" os-architecture="x64" />
    <settings>
      <setting name="DisposeRunners" value="True" />
      <setting name="WorkDirectory" value="c:\P\ZP\15.0\ZetaProducerHtmlCompressor\Source" />
      <setting name="ImageRuntimeVersion" value="4.0.30319" />
      <setting name="ImageTargetFrameworkName" value=".NETFramework,Version=v4.5.2" />
      <setting name="ImageRequiresX86" value="False" />
      <setting name="ImageRequiresDefaultAppDomainAssemblyResolver" value="False" />
      <setting name="NumberOfTestWorkers" value="8" />
    </settings>
    <properties>
      <property name="_PID" value="30556" />
      <property name="_APPDOMAIN" value="domain-" />
    </properties>
    <test-suite type="TestSuite" id="0-1023" name="ZetaProducerHtmlCompressor" fullname="ZetaProducerHtmlCompressor" runstate="Runnable" testcasecount="21" result="Passed" start-time="2018-08-29 12:13:25Z" end-time="2018-08-29 12:13:26Z" duration="0.160605" total="21" passed="21" failed="0" warnings="0" inconclusive="0" skipped="0" asserts="23">
      <test-suite type="TestSuite" id="0-1024" name="UnitTests" fullname="ZetaProducerHtmlCompressor.UnitTests" runstate="Runnable" testcasecount="21" result="Passed" start-time="2018-08-29 12:13:25Z" end-time="2018-08-29 12:13:26Z" duration="0.159949" total="21" passed="21" failed="0" warnings="0" inconclusive="0" skipped="0" asserts="23">
        <test-suite type="TestFixture" id="0-1000" name="HtmlCompressorTests" fullname="ZetaProducerHtmlCompressor.UnitTests.HtmlCompressorTests" classname="ZetaProducerHtmlCompressor.UnitTests.HtmlCompressorTests" runstate="Runnable" testcasecount="21" result="Passed" start-time="2018-08-29 12:13:25Z" end-time="2018-08-29 12:13:26Z" duration="0.156061" total="21" passed="21" failed="0" warnings="0" inconclusive="0" skipped="0" asserts="23">
          <test-case id="0-1001" name="Test01" fullname="ZetaProducerHtmlCompressor.UnitTests.HtmlCompressorTests.Test01" methodname="Test01" classname="ZetaProducerHtmlCompressor.UnitTests.HtmlCompressorTests" runstate="Runnable" seed="1576797417" result="Passed" start-time="2018-08-29 12:13:25Z" end-time="2018-08-29 12:13:25Z" duration="0.113251" asserts="2" />
          <test-case id="0-1002" name="Test02" fullname="ZetaProducerHtmlCompressor.UnitTests.HtmlCompressorTests.Test02" methodname="Test02" classname="ZetaProducerHtmlCompressor.UnitTests.HtmlCompressorTests" runstate="Runnable" seed="1659951294" result="Passed" start-time="2018-08-29 12:13:25Z" end-time="2018-08-29 12:13:26Z" duration="0.008482" asserts="2" />
          <test-case id="0-1010" name="testCompress" fullname="ZetaProducerHtmlCompressor.UnitTests.HtmlCompressorTests.testCompress" methodname="testCompress" classname="ZetaProducerHtmlCompressor.UnitTests.HtmlCompressorTests" runstate="Runnable" seed="528355817" result="Passed" start-time="2018-08-29 12:13:26Z" end-time="2018-08-29 12:13:26Z" duration="0.010433" asserts="1" />
          <test-case id="0-1003" name="testEnabled" fullname="ZetaProducerHtmlCompressor.UnitTests.HtmlCompressorTests.testEnabled" methodname="testEnabled" classname="ZetaProducerHtmlCompressor.UnitTests.HtmlCompressorTests" runstate="Runnable" seed="1799667649" result="Passed" start-time="2018-08-29 12:13:26Z" end-time="2018-08-29 12:13:26Z" duration="0.000656" asserts="1" />
          <test-case id="0-1020" name="testPreserveLineBreaks" fullname="ZetaProducerHtmlCompressor.UnitTests.HtmlCompressorTests.testPreserveLineBreaks" methodname="testPreserveLineBreaks" classname="ZetaProducerHtmlCompressor.UnitTests.HtmlCompressorTests" runstate="Runnable" seed="1915521768" result="Passed" start-time="2018-08-29 12:13:26Z" end-time="2018-08-29 12:13:26Z" duration="0.000629" asserts="1" />
          <test-case id="0-1009" name="testPreservePatterns" fullname="ZetaProducerHtmlCompressor.UnitTests.HtmlCompressorTests.testPreservePatterns" methodname="testPreservePatterns" classname="ZetaProducerHtmlCompressor.UnitTests.HtmlCompressorTests" runstate="Runnable" seed="1731219716" result="Passed" start-time="2018-08-29 12:13:26Z" end-time="2018-08-29 12:13:26Z" duration="0.000663" asserts="1" />
          <test-case id="0-1005" name="testRemoveComments" fullname="ZetaProducerHtmlCompressor.UnitTests.HtmlCompressorTests.testRemoveComments" methodname="testRemoveComments" classname="ZetaProducerHtmlCompressor.UnitTests.HtmlCompressorTests" runstate="Runnable" seed="2128379603" result="Passed" start-time="2018-08-29 12:13:26Z" end-time="2018-08-29 12:13:26Z" duration="0.000619" asserts="1" />
          <test-case id="0-1015" name="testRemoveFormAttributes" fullname="ZetaProducerHtmlCompressor.UnitTests.HtmlCompressorTests.testRemoveFormAttributes" methodname="testRemoveFormAttributes" classname="ZetaProducerHtmlCompressor.UnitTests.HtmlCompressorTests" runstate="Runnable" seed="1608866857" result="Passed" start-time="2018-08-29 12:13:26Z" end-time="2018-08-29 12:13:26Z" duration="0.000498" asserts="1" />
          <test-case id="0-1018" name="testRemoveHttpProtocol" fullname="ZetaProducerHtmlCompressor.UnitTests.HtmlCompressorTests.testRemoveHttpProtocol" methodname="testRemoveHttpProtocol" classname="ZetaProducerHtmlCompressor.UnitTests.HtmlCompressorTests" runstate="Runnable" seed="17865299" result="Passed" start-time="2018-08-29 12:13:26Z" end-time="2018-08-29 12:13:26Z" duration="0.001522" asserts="1" />
          <test-case id="0-1019" name="testRemoveHttpsProtocol" fullname="ZetaProducerHtmlCompressor.UnitTests.HtmlCompressorTests.testRemoveHttpsProtocol" methodname="testRemoveHttpsProtocol" classname="ZetaProducerHtmlCompressor.UnitTests.HtmlCompressorTests" runstate="Runnable" seed="490858441" result="Passed" start-time="2018-08-29 12:13:26Z" end-time="2018-08-29 12:13:26Z" duration="0.000945" asserts="1" />
          <test-case id="0-1016" name="testRemoveInputAttributes" fullname="ZetaProducerHtmlCompressor.UnitTests.HtmlCompressorTests.testRemoveInputAttributes" methodname="testRemoveInputAttributes" classname="ZetaProducerHtmlCompressor.UnitTests.HtmlCompressorTests" runstate="Runnable" seed="971700152" result="Passed" start-time="2018-08-29 12:13:26Z" end-time="2018-08-29 12:13:26Z" duration="0.000434" asserts="1" />
          <test-case id="0-1008" name="testRemoveIntertagSpaces" fullname="ZetaProducerHtmlCompressor.UnitTests.HtmlCompressorTests.testRemoveIntertagSpaces" methodname="testRemoveIntertagSpaces" classname="ZetaProducerHtmlCompressor.UnitTests.HtmlCompressorTests" runstate="Runnable" seed="1678770902" result="Passed" start-time="2018-08-29 12:13:26Z" end-time="2018-08-29 12:13:26Z" duration="0.000509" asserts="1" />
          <test-case id="0-1017" name="testRemoveJavaScriptProtocol" fullname="ZetaProducerHtmlCompressor.UnitTests.HtmlCompressorTests.testRemoveJavaScriptProtocol" methodname="testRemoveJavaScriptProtocol" classname="ZetaProducerHtmlCompressor.UnitTests.HtmlCompressorTests" runstate="Runnable" seed="1084916140" result="Passed" start-time="2018-08-29 12:13:26Z" end-time="2018-08-29 12:13:26Z" duration="0.000873" asserts="1" />
          <test-case id="0-1014" name="testRemoveLinkAttributes" fullname="ZetaProducerHtmlCompressor.UnitTests.HtmlCompressorTests.testRemoveLinkAttributes" methodname="testRemoveLinkAttributes" classname="ZetaProducerHtmlCompressor.UnitTests.HtmlCompressorTests" runstate="Runnable" seed="916887606" result="Passed" start-time="2018-08-29 12:13:26Z" end-time="2018-08-29 12:13:26Z" duration="0.000647" asserts="1" />
          <test-case id="0-1007" name="testRemoveMultiSpaces" fullname="ZetaProducerHtmlCompressor.UnitTests.HtmlCompressorTests.testRemoveMultiSpaces" methodname="testRemoveMultiSpaces" classname="ZetaProducerHtmlCompressor.UnitTests.HtmlCompressorTests" runstate="Runnable" seed="1002169005" result="Passed" start-time="2018-08-29 12:13:26Z" end-time="2018-08-29 12:13:26Z" duration="0.000533" asserts="1" />
          <test-case id="0-1006" name="testRemoveQuotes" fullname="ZetaProducerHtmlCompressor.UnitTests.HtmlCompressorTests.testRemoveQuotes" methodname="testRemoveQuotes" classname="ZetaProducerHtmlCompressor.UnitTests.HtmlCompressorTests" runstate="Runnable" seed="1943126948" result="Passed" start-time="2018-08-29 12:13:26Z" end-time="2018-08-29 12:13:26Z" duration="0.000501" asserts="1" />
          <test-case id="0-1012" name="testRemoveScriptAttributes" fullname="ZetaProducerHtmlCompressor.UnitTests.HtmlCompressorTests.testRemoveScriptAttributes" methodname="testRemoveScriptAttributes" classname="ZetaProducerHtmlCompressor.UnitTests.HtmlCompressorTests" runstate="Runnable" seed="1251702390" result="Passed" start-time="2018-08-29 12:13:26Z" end-time="2018-08-29 12:13:26Z" duration="0.000459" asserts="1" />
          <test-case id="0-1004" name="testRemoveSpacesInsideTags" fullname="ZetaProducerHtmlCompressor.UnitTests.HtmlCompressorTests.testRemoveSpacesInsideTags" methodname="testRemoveSpacesInsideTags" classname="ZetaProducerHtmlCompressor.UnitTests.HtmlCompressorTests" runstate="Runnable" seed="1875699212" result="Passed" start-time="2018-08-29 12:13:26Z" end-time="2018-08-29 12:13:26Z" duration="0.000447" asserts="1" />
          <test-case id="0-1013" name="testRemoveStyleAttributes" fullname="ZetaProducerHtmlCompressor.UnitTests.HtmlCompressorTests.testRemoveStyleAttributes" methodname="testRemoveStyleAttributes" classname="ZetaProducerHtmlCompressor.UnitTests.HtmlCompressorTests" runstate="Runnable" seed="553698164" result="Passed" start-time="2018-08-29 12:13:26Z" end-time="2018-08-29 12:13:26Z" duration="0.000406" asserts="1" />
          <test-case id="0-1011" name="testSimpleDoctype" fullname="ZetaProducerHtmlCompressor.UnitTests.HtmlCompressorTests.testSimpleDoctype" methodname="testSimpleDoctype" classname="ZetaProducerHtmlCompressor.UnitTests.HtmlCompressorTests" runstate="Runnable" seed="1628245090" result="Passed" start-time="2018-08-29 12:13:26Z" end-time="2018-08-29 12:13:26Z" duration="0.000385" asserts="1" />
          <test-case id="0-1021" name="testSurroundingSpaces" fullname="ZetaProducerHtmlCompressor.UnitTests.HtmlCompressorTests.testSurroundingSpaces" methodname="testSurroundingSpaces" classname="ZetaProducerHtmlCompressor.UnitTests.HtmlCompressorTests" runstate="Runnable" seed="1023876738" result="Passed" start-time="2018-08-29 12:13:26Z" end-time="2018-08-29 12:13:26Z" duration="0.002669" asserts="1" />
        </test-suite>
      </test-suite>
    </test-suite>
  </test-suite>
</test-run>